<?xml version="1.0" encoding="UTF-8"?>
<!-- Generated by org.testng.reporters.JUnitXMLReporter -->
<testsuite hostname="LAPTOP-NIDHN7M2" ignored="0" name="HubSpot Feature Testing - login" tests="3" failures="1" timestamp="16 Jul 2020 15:23:18 GMT" time="33.909" errors="0">
  <testcase name="verifySignUpLinkTest" time="15.408" classname="com.qa.hubspot.tests.LoginPageTest">
    <failure type="java.lang.NullPointerException">
      <![CDATA[java.lang.NullPointerException
at com.qa.hubspot.utils.ElementUtil.doIsDisplayed(ElementUtil.java:57)
at com.qa.hubspot.pages.LoginPage.isSignUpLinkExist(LoginPage.java:37)
at com.qa.hubspot.tests.LoginPageTest.verifySignUpLinkTest(LoginPageTest.java:32)
... Removed 25 stack frames]]>
    </failure>
  </testcase> <!-- verifySignUpLinkTest -->
  <testcase name="verifyLoginPageTitleTest" time="0.074" classname="com.qa.hubspot.tests.LoginPageTest"/>
  <testcase name="loginTest" time="0.686" classname="com.qa.hubspot.tests.LoginPageTest"/>
</testsuite> <!-- HubSpot Feature Testing - login -->
